(4,4):P:50
(4,3):1:49
(4,2):N:48
(4,2):1:48
(4,1):1:47
(3,1):N:46
(3,1):1:46
(2,1):1:45
(1,1):1:44
(1,2):C:43
(1,2):1:43
(2,2):1:42
(2,1):1:41
(3,1):1:40
(4,1):1:39
(4,2):1:38
(4,3):1:37
(4,4):P:36
(4,4):P:50
(4,5):1:49
(4,6):1:48
(4,7):1:47
(3,7):1:46
(2,7):1:45
(1,7):1:44
(1,8):1:43
(1,9):1:42
(1,10):C:41
(1,10):1:41
(1,9):1:40
(2,9):CN:39
(2,8):1:38
(2,7):1:37
(2,6):1:36
(2,5):CC:35
(2,5):CC:35
(2,6):1:34
(2,7):1:33
(3,7):1:32
(3,8):N:31
(3,8):1:31
(2,8):1:30
(2,9):CN:29
(2,9):CN:29
(2,8):1:28
(3,8):1:27
(4,8):1:26
(4,7):1:25
(4,6):1:24
(4,5):1:23
(4,4):P:22
