(4,4):P:50
(4,3):1:49
(4,2):N:48
(4,2):1:48
(4,1):1:47
(3,1):N:46
(3,1):1:46
(2,1):1:45
(1,1):1:44
(1,2):C:43
(1,2):1:43
(2,2):1:42
(2,1):1:41
(3,1):1:40
(4,1):1:39
(4,2):1:38
(4,3):1:37
(4,4):P:36
(4,5):1:35
(4,6):1:34
(4,7):1:33
(4,8):1:32
(3,8):N:31
(2,8):1:30
(2,9):CN:29
(1,9):1:28
(1,10):C:27
(1,10):1:27
(1,9):1:26
(1,8):1:25
(1,7):1:24
(2,7):1:23
(2,6):1:22
(2,5):CC:21
(2,5):CC:21
(2,6):1:20
(2,7):1:19
(3,7):1:18
(3,8):N:17
(3,8):1:17
(3,9):1:16
(2,9):CN:15
(2,9):CN:15
(3,9):1:14
(3,8):1:13
(4,8):1:12
(4,7):1:11
(4,6):1:10
(4,5):1:9
(4,4):P:8
