(5,4):P:50
(5,3):1:49
(5,2):N:48
(5,2):1:48
(4,2):1:47
(3,2):1:46
(2,2):1:45
(1,2):1:44
(1,1):N:43
(1,1):1:43
(1,2):1:42
(1,3):1:41
(1,4):1:40
(1,5):1:39
(1,6):1:38
(2,6):1:37
(2,7):N:36
(2,7):1:36
(2,8):1:35
(1,8):C:34
(1,9):N:33
(1,9):1:33
(1,8):C:32
(1,8):1:32
(2,8):1:31
(3,8):1:30
(3,7):1:29
(4,7):C:28
(4,7):1:28
(3,7):1:27
(3,6):1:26
(3,5):CC:25
(3,5):CC:25
(4,5):2:23
(5,5):1:22
(5,4):P:21
(5,4):P:50
(6,4):1:49
(6,5):1:48
(6,6):1:47
(6,7):1:46
(6,8):1:45
(6,9):1:44
(6,10):N:43
(6,10):1:43
(5,10):1:42
(5,9):1:41
(4,9):2:39
(3,9):CN:38
(3,9):CN:38
(3,8):1:37
(3,7):1:36
(4,7):1:35
(5,7):1:34
(5,6):1:33
(5,5):1:32
(5,4):P:31
