(4,4):P:50
(4,3):1:49
(4,2):N:48
(4,2):1:48
(4,1):1:47
(3,1):N:46
(3,1):1:46
(2,1):1:45
(1,1):1:44
(1,2):C:43
(1,2):1:43
(1,1):1:42
(2,1):1:41
(3,1):1:40
(4,1):1:39
(4,2):1:38
(4,3):1:37
(4,4):P:36
(4,5):1:35
(4,6):1:34
(4,7):1:33
(3,7):1:32
(2,7):1:31
(2,6):1:30
(2,5):CC:29
(2,5):CC:29
(2,6):1:28
(2,7):1:27
(2,8):1:26
(3,8):N:25
(3,8):1:25
(2,8):1:24
(2,9):CN:23
(2,9):CN:23
(1,9):1:22
(1,10):C:21
(1,10):1:21
(1,9):1:20
(2,9):CN:19
(2,8):1:18
(2,7):1:17
(2,6):1:16
(2,5):CC:15
(2,5):CC:15
(2,6):1:14
(2,7):1:13
(3,7):1:12
(4,7):1:11
(4,6):1:10
(4,5):1:9
(4,4):P:8
