(7,4):P:50
(7,5):1:49
(7,6):1:48
(7,7):1:47
(6,7):1:46
(6,8):N:45
(6,8):1:45
(7,8):1:44
(7,9):1:43
(8,9):1:42
(8,10):N:41
(8,10):1:41
(7,10):1:40
(6,10):1:39
(5,10):C:38
(5,10):1:38
(5,9):1:37
(5,8):1:36
(5,7):N:35
(5,6):1:34
(5,5):1:33
(4,5):2:31
(3,5):CC:30
(3,5):CC:30
(2,5):2:28
(1,5):1:27
(1,4):1:26
(1,3):1:25
(1,2):1:24
(1,1):N:23
(1,1):1:23
(2,1):1:22
(3,1):1:21
(4,1):1:20
(5,1):1:19
(6,1):N:18
(6,1):1:18
(7,1):1:17
(7,2):N:16
(7,2):1:16
(7,3):1:15
(7,4):P:14
(7,4):P:50
(7,5):1:49
(7,6):1:48
(7,7):1:47
(6,7):1:46
(5,7):N:45
(5,7):1:45
(4,7):2:43
(3,7):1:42
(2,7):N:41
(2,7):1:41
(1,7):1:40
(1,8):1:39
(1,9):N:38
(1,9):1:38
(2,9):2:36
(3,9):CN:35
(3,9):CN:35
(4,9):2:33
(5,9):1:32
(6,9):1:31
(6,8):1:30
(7,8):1:29
(7,7):1:28
(7,6):1:27
(7,5):1:26
(7,4):P:25
